# JRE version: OpenJDK Runtime Environment (8.0_191-b13) (build 1.8.0_191-b13)
# Java VM: OpenJDK 64-Bit Server VM (25.191-b13 mixed mode linux-amd64 compressed oops)
Heap:
 PSYoungGen      total 121856K, used 9200K [0x0000000777300000, 0x000000077f300000, 0x00000007c0000000)
  eden space 112640K, 0% used [0x0000000777300000,0x0000000777300000,0x000000077e100000)
  from space 9216K, 99% used [0x000000077e100000,0x000000077e9fc010,0x000000077ea00000)
  to   space 9216K, 0% used [0x000000077ea00000,0x000000077ea00000,0x000000077f300000)
 ParOldGen       total 150528K, used 14067K [0x00000006e5800000, 0x00000006eeb00000, 0x0000000777300000)
  object space 150528K, 9% used [0x00000006e5800000,0x00000006e65bcfd0,0x00000006eeb00000)
 Metaspace       used 20655K, capacity 21138K, committed 21248K, reserved 1069056K
  class space    used 2356K, capacity 2525K, committed 2560K, reserved 1048576K
GC Heap History (9 events):
Event: 0.939 GC heap before
{Heap before GC invocations=1 (full 0):
 PSYoungGen      total 65536K, used 56320K [0x0000000777300000, 0x000000077bc00000, 0x00000007c0000000)
  eden space 56320K, 100% used [0x0000000777300000,0x000000077aa00000,0x000000077aa00000)
  from space 9216K, 0% used [0x000000077b300000,0x000000077b300000,0x000000077bc00000)
  to   space 9216K, 0% used [0x000000077aa00000,0x000000077aa00000,0x000000077b300000)
 ParOldGen       total 150528K, used 0K [0x00000006e5800000, 0x00000006eeb00000, 0x0000000777300000)
  object space 150528K, 0% used [0x00000006e5800000,0x00000006e5800000,0x00000006eeb00000)
 Metaspace       used 11564K, capacity 11862K, committed 12032K, reserved 1060864K
  class space    used 1344K, capacity 1483K, committed 1536K, reserved 1048576K
Event: 0.947 GC heap after
Heap after GC invocations=1 (full 0):
 PSYoungGen      total 65536K, used 8915K [0x0000000777300000, 0x000000077bc00000, 0x00000007c0000000)
  eden space 56320K, 0% used [0x0000000777300000,0x0000000777300000,0x000000077aa00000)
  from space 9216K, 96% used [0x000000077aa00000,0x000000077b2b4f80,0x000000077b300000)
  to   space 9216K, 0% used [0x000000077b300000,0x000000077b300000,0x000000077bc00000)
 ParOldGen       total 150528K, used 16K [0x00000006e5800000, 0x00000006eeb00000, 0x0000000777300000)
  object space 150528K, 0% used [0x00000006e5800000,0x00000006e5804000,0x00000006eeb00000)
 Metaspace       used 11564K, capacity 11862K, committed 12032K, reserved 1060864K
  class space    used 1344K, capacity 1483K, committed 1536K, reserved 1048576K
}
Event: 1.549 GC heap before
{Heap before GC invocations=2 (full 0):
 PSYoungGen      total 65536K, used 65235K [0x0000000777300000, 0x000000077bc00000, 0x00000007c0000000)
  eden space 56320K, 100% used [0x0000000777300000,0x000000077aa00000,0x000000077aa00000)
  from space 9216K, 96% used [0x000000077aa00000,0x000000077b2b4f80,0x000000077b300000)
  to   space 9216K, 0% used [0x000000077b300000,0x000000077b300000,0x000000077bc00000)
 ParOldGen       total 150528K, used 16K [0x00000006e5800000, 0x00000006eeb00000, 0x0000000777300000)
  object space 150528K, 0% used [0x00000006e5800000,0x00000006e5804000,0x00000006eeb00000)
 Metaspace       used 15237K, capacity 15520K, committed 15744K, reserved 1062912K
  class space    used 1758K, capacity 1852K, committed 1920K, reserved 1048576K
Event: 1.559 GC heap after
Heap after GC invocations=2 (full 0):
 PSYoungGen      total 65536K, used 9184K [0x0000000777300000, 0x000000077f300000, 0x00000007c0000000)
  eden space 56320K, 0% used [0x0000000777300000,0x0000000777300000,0x000000077aa00000)
  from space 9216K, 99% used [0x000000077b300000,0x000000077bbf8020,0x000000077bc00000)
  to   space 9216K, 0% used [0x000000077aa00000,0x000000077aa00000,0x000000077b300000)
 ParOldGen       total 150528K, used 2807K [0x00000006e5800000, 0x00000006eeb00000, 0x0000000777300000)
  object space 150528K, 1% used [0x00000006e5800000,0x00000006e5abdf60,0x00000006eeb00000)
 Metaspace       used 15237K, capacity 15520K, committed 15744K, reserved 1062912K
  class space    used 1758K, capacity 1852K, committed 1920K, reserved 1048576K
}
Event: 1.910 GC heap before
{Heap before GC invocations=3 (full 0):
 PSYoungGen      total 65536K, used 65504K [0x0000000777300000, 0x000000077f300000, 0x00000007c0000000)
  eden space 56320K, 100% used [0x0000000777300000,0x000000077aa00000,0x000000077aa00000)
  from space 9216K, 99% used [0x000000077b300000,0x000000077bbf8020,0x000000077bc00000)
  to   space 9216K, 0% used [0x000000077aa00000,0x000000077aa00000,0x000000077b300000)
 ParOldGen       total 150528K, used 2807K [0x00000006e5800000, 0x00000006eeb00000, 0x0000000777300000)
  object space 150528K, 1% used [0x00000006e5800000,0x00000006e5abdf60,0x00000006eeb00000)
 Metaspace       used 15780K, capacity 16082K, committed 16256K, reserved 1062912K
  class space    used 1793K, capacity 1887K, committed 1920K, reserved 1048576K
Event: 1.920 GC heap after
Heap after GC invocations=3 (full 0):
 PSYoungGen      total 65536K, used 9184K [0x0000000777300000, 0x000000077f300000, 0x00000007c0000000)
  eden space 56320K, 0% used [0x0000000777300000,0x0000000777300000,0x000000077aa00000)
  from space 9216K, 99% used [0x000000077aa00000,0x000000077b2f8020,0x000000077b300000)
  to   space 9216K, 0% used [0x000000077ea00000,0x000000077ea00000,0x000000077f300000)
 ParOldGen       total 150528K, used 7515K [0x00000006e5800000, 0x00000006eeb00000, 0x0000000777300000)
  object space 150528K, 4% used [0x00000006e5800000,0x00000006e5f56c00,0x00000006eeb00000)
 Metaspace       used 15780K, capacity 16082K, committed 16256K, reserved 1062912K
  class space    used 1793K, capacity 1887K, committed 1920K, reserved 1048576K
}
Event: 2.441 GC heap before
{Heap before GC invocations=4 (full 0):
 PSYoungGen      total 65536K, used 65504K [0x0000000777300000, 0x000000077f300000, 0x00000007c0000000)
  eden space 56320K, 100% used [0x0000000777300000,0x000000077aa00000,0x000000077aa00000)
  from space 9216K, 99% used [0x000000077aa00000,0x000000077b2f8020,0x000000077b300000)
  to   space 9216K, 0% used [0x000000077ea00000,0x000000077ea00000,0x000000077f300000)
 ParOldGen       total 150528K, used 7515K [0x00000006e5800000, 0x00000006eeb00000, 0x0000000777300000)
  object space 150528K, 4% used [0x00000006e5800000,0x00000006e5f56c00,0x00000006eeb00000)
 Metaspace       used 17016K, capacity 17448K, committed 17792K, reserved 1064960K
  class space    used 1907K, capacity 2060K, committed 2176K, reserved 1048576K
Event: 2.455 GC heap after
Heap after GC invocations=4 (full 0):
 PSYoungGen      total 121856K, used 9184K [0x0000000777300000, 0x000000077f300000, 0x00000007c0000000)
  eden space 112640K, 0% used [0x0000000777300000,0x0000000777300000,0x000000077e100000)
  from space 9216K, 99% used [0x000000077ea00000,0x000000077f2f8040,0x000000077f300000)
  to   space 9216K, 0% used [0x000000077e100000,0x000000077e100000,0x000000077ea00000)
 ParOldGen       total 150528K, used 12090K [0x00000006e5800000, 0x00000006eeb00000, 0x0000000777300000)
  object space 150528K, 8% used [0x00000006e5800000,0x00000006e63ceac8,0x00000006eeb00000)
 Metaspace       used 17016K, capacity 17448K, committed 17792K, reserved 1064960K
  class space    used 1907K, capacity 2060K, committed 2176K, reserved 1048576K
}
Event: 2.832 GC heap before
{Heap before GC invocations=5 (full 0):
 PSYoungGen      total 121856K, used 36111K [0x0000000777300000, 0x000000077f300000, 0x00000007c0000000)
  eden space 112640K, 23% used [0x0000000777300000,0x0000000778d4bfa8,0x000000077e100000)
  from space 9216K, 99% used [0x000000077ea00000,0x000000077f2f8040,0x000000077f300000)
  to   space 9216K, 0% used [0x000000077e100000,0x000000077e100000,0x000000077ea00000)
 ParOldGen       total 150528K, used 12090K [0x00000006e5800000, 0x00000006eeb00000, 0x0000000777300000)
  object space 150528K, 8% used [0x00000006e5800000,0x00000006e63ceac8,0x00000006eeb00000)
 Metaspace       used 20655K, capacity 21138K, committed 21248K, reserved 1069056K
  class space    used 2356K, capacity 2525K, committed 2560K, reserved 1048576K

